<?xml version="1.0" encoding="UTF-8"?>
<!-- Generated by org.testng.reporters.JUnitXMLReporter -->
<testsuite hostname="Selva" name="Default test" tests="3" failures="0" timestamp="15 Nov 2016 23:29:10 GMT" time="0.051" errors="0">
  <testcase name="testBuiltInFunction" time="0.019" classname="test.practice.string.RemoveOccurenceTest"/>
  <testcase name="testInvalidInputs" time="0.002" classname="test.practice.string.RemoveOccurenceTest"/>
  <testcase name="testIterativeApproach" time="0.001" classname="test.practice.string.RemoveOccurenceTest"/>
</testsuite> <!-- Default test -->
