<?xml version="1.0" encoding="UTF-8"?>
<!-- Generated by org.testng.reporters.JUnitXMLReporter -->
<testsuite hostname="Selva" name="Default test" tests="3" failures="0" timestamp="5 Jun 2015 06:41:43 GMT" time="0.044" errors="0">
  <testcase name="testBuiltInFunction" time="0.018" classname="test.practice.string.RemoveOccurenceTest"/>
  <testcase name="testInvalidInputs" time="0.001" classname="test.practice.string.RemoveOccurenceTest"/>
  <testcase name="testIterativeApproach" time="0.002" classname="test.practice.string.RemoveOccurenceTest"/>
</testsuite> <!-- Default test -->
